<?xml version="1.0" encoding="UTF-8"?>
<Site BuildName="(empty)"
	BuildStamp="20250825-1038-Experimental"
	Name="(empty)"
	Generator="ctest-3.22.1"
	CompilerName=""
	CompilerVersion=""
	OSName="Linux"
	Hostname="daniel-home"
	OSRelease="6.8.0-65-generic"
	OSVersion="#68~22.04.1-Ubuntu SMP PREEMPT_DYNAMIC Tue Jul 15 18:06:34 UTC 2"
	OSPlatform="x86_64"
	Is64Bits="1"
	VendorString="GenuineIntel"
	VendorID="Intel Corporation"
	FamilyID="6"
	ModelID="151"
	ProcessorCacheSize="30720"
	NumberOfLogicalCPU="24"
	NumberOfPhysicalCPU="16"
	TotalVirtualMemory="9536"
	TotalPhysicalMemory="31857"
	LogicalProcessorsPerPhysical="1"
	ProcessorClockFrequency="4900"
	>
	<Testing>
		<StartDateTime>Aug 25 14:29 IDT</StartDateTime>
		<StartTestTime>1756121376</StartTestTime>
		<TestList/>
		<EndDateTime>Aug 25 14:29 IDT</EndDateTime>
		<EndTestTime>1756121376</EndTestTime>
		<ElapsedMinutes>0</ElapsedMinutes>
	</Testing>
</Site>
